<?xml version="1.0" encoding="UTF-8"?>
<testng-results skipped="0" failed="0" total="1" passed="1">
  <reporter-output>
  </reporter-output>
  <suite name="Suite" duration-ms="65" started-at="2016-04-21T04:35:46Z" finished-at="2016-04-21T04:35:46Z">
    <groups>
    </groups>
    <test name="Test" duration-ms="65" started-at="2016-04-21T04:35:46Z" finished-at="2016-04-21T04:35:46Z">
      <class name="com.learningautomation.selenium.MavenTest2">
        <test-method status="PASS" signature="test_Method()[pri:0, instance:com.learningautomation.selenium.MavenTest2@62ee68d8]" name="test_Method" duration-ms="22" started-at="2016-04-21T10:05:46Z" finished-at="2016-04-21T10:05:46Z">
          <reporter-output>
          </reporter-output>
        </test-method> <!-- test_Method -->
      </class> <!-- com.learningautomation.selenium.MavenTest2 -->
    </test> <!-- Test -->
  </suite> <!-- Suite -->
</testng-results>
