<?xml version="1.0" encoding="UTF-8"?>
<testng-results skipped="0" failed="0" total="1" passed="1">
  <reporter-output>
  </reporter-output>
  <suite name="Suite" duration-ms="43" started-at="2016-04-21T09:43:29Z" finished-at="2016-04-21T09:43:29Z">
    <groups>
    </groups>
    <test name="Test" duration-ms="43" started-at="2016-04-21T09:43:29Z" finished-at="2016-04-21T09:43:29Z">
      <class name="com.learningautomation.selenium.MavenTest2">
        <test-method status="PASS" signature="test_Method()[pri:0, instance:com.learningautomation.selenium.MavenTest2@5594a1b5]" name="test_Method" duration-ms="15" started-at="2016-04-21T15:13:29Z" finished-at="2016-04-21T15:13:29Z">
          <reporter-output>
          </reporter-output>
        </test-method> <!-- test_Method -->
      </class> <!-- com.learningautomation.selenium.MavenTest2 -->
    </test> <!-- Test -->
  </suite> <!-- Suite -->
</testng-results>
